<?xml version="1.0" encoding="UTF-8"?>
<testsuites name="jest tests" tests="4" failures="4" time="131.448">
  <testsuite name="Get Shopping Cart" errors="0" failures="4" skipped="0" timestamp="2021-03-06T18:21:00" time="128.979" tests="4">
    <testcase classname="Get Shopping Cart Deve retornar um carrinho de compras a partir do array de IDs do exemplo 1" name="Get Shopping Cart Deve retornar um carrinho de compras a partir do array de IDs do exemplo 1" time="38.879">
      <failure>Error: expect(received).toEqual(expected) // deep equality

Expected: {&quot;discount&quot;: &quot;15.63%&quot;, &quot;discountValue&quot;: &quot;75.00&quot;, &quot;products&quot;: [{&quot;category&quot;: &quot;T-SHIRTS&quot;, &quot;name&quot;: &quot;DISNEY CRUELLA© T-SHIRT&quot;}, {&quot;category&quot;: &quot;PANTS&quot;, &quot;name&quot;: &quot;KNIT JOGGING PANTS&quot;}, {&quot;category&quot;: &quot;SHOES&quot;, &quot;name&quot;: &quot;ASYMMETRICAL LEATHER SLIDE HEELS&quot;}, {&quot;category&quot;: &quot;BAGS&quot;, &quot;name&quot;: &quot;SOFT FLAP BACKPACK&quot;}], &quot;promotion&quot;: &quot;FULL LOOK&quot;, &quot;totalPrice&quot;: &quot;404.96&quot;}
Received: undefined
    at Object.&lt;anonymous&gt; (C:\Users\wellington\codenation\nodejs-12\test\index.test.js:62:16)
    at Object.asyncJestTest (C:\Users\wellington\codenation\nodejs-12\node_modules\jest-jasmine2\build\jasmineAsyncInstall.js:106:37)
    at C:\Users\wellington\codenation\nodejs-12\node_modules\jest-jasmine2\build\queueRunner.js:45:12
    at new Promise (&lt;anonymous&gt;)
    at mapper (C:\Users\wellington\codenation\nodejs-12\node_modules\jest-jasmine2\build\queueRunner.js:28:19)
    at C:\Users\wellington\codenation\nodejs-12\node_modules\jest-jasmine2\build\queueRunner.js:75:41
    at runNextTicks (internal/process/task_queues.js:58:5)
    at processTimers (internal/timers.js:494:9)</failure>
    </testcase>
    <testcase classname="Get Shopping Cart Deve retornar um carrinho de compras a partir do array de IDs do exemplo 2" name="Get Shopping Cart Deve retornar um carrinho de compras a partir do array de IDs do exemplo 2" time="0.02">
      <failure>Error: expect(received).toEqual(expected) // deep equality

Expected: {&quot;discount&quot;: &quot;4.72%&quot;, &quot;discountValue&quot;: &quot;25.00&quot;, &quot;products&quot;: [{&quot;category&quot;: &quot;T-SHIRTS&quot;, &quot;name&quot;: &quot;RUBBERIZED PRINTED T-SHIRT&quot;}, {&quot;category&quot;: &quot;T-SHIRTS&quot;, &quot;name&quot;: &quot;CONTRAST SLOGAN T-SHIRT&quot;}, {&quot;category&quot;: &quot;PANTS&quot;, &quot;name&quot;: &quot;KNIT JOGGING PANTS&quot;}, {&quot;category&quot;: &quot;PANTS&quot;, &quot;name&quot;: &quot;MENSWEAR PANTS&quot;}], &quot;promotion&quot;: &quot;DOUBLE LOOK&quot;, &quot;totalPrice&quot;: &quot;504.95&quot;}
Received: undefined
    at Object.&lt;anonymous&gt; (C:\Users\wellington\codenation\nodejs-12\test\index.test.js:68:16)
    at Object.asyncJestTest (C:\Users\wellington\codenation\nodejs-12\node_modules\jest-jasmine2\build\jasmineAsyncInstall.js:106:37)
    at C:\Users\wellington\codenation\nodejs-12\node_modules\jest-jasmine2\build\queueRunner.js:45:12
    at new Promise (&lt;anonymous&gt;)
    at mapper (C:\Users\wellington\codenation\nodejs-12\node_modules\jest-jasmine2\build\queueRunner.js:28:19)
    at C:\Users\wellington\codenation\nodejs-12\node_modules\jest-jasmine2\build\queueRunner.js:75:41
    at runNextTicks (internal/process/task_queues.js:58:5)
    at processTimers (internal/timers.js:494:9)</failure>
    </testcase>
    <testcase classname="Get Shopping Cart Deve retornar um carrinho de compras a partir do array de IDs do exemplo 3" name="Get Shopping Cart Deve retornar um carrinho de compras a partir do array de IDs do exemplo 3" time="0.011">
      <failure>Error: expect(received).toEqual(expected) // deep equality

Expected: {&quot;discount&quot;: &quot;1.87%&quot;, &quot;discountValue&quot;: &quot;10.00&quot;, &quot;products&quot;: [{&quot;category&quot;: &quot;T-SHIRTS&quot;, &quot;name&quot;: &quot;PINK PANTHER™ T-SHIRT&quot;}, {&quot;category&quot;: &quot;T-SHIRTS&quot;, &quot;name&quot;: &quot;DISNEY CRUELLA© T-SHIRT&quot;}, {&quot;category&quot;: &quot;T-SHIRTS&quot;, &quot;name&quot;: &quot;RUBBERIZED PRINTED T-SHIRT&quot;}, {&quot;category&quot;: &quot;T-SHIRTS&quot;, &quot;name&quot;: &quot;CONTRAST SLOGAN T-SHIRT&quot;}], &quot;promotion&quot;: &quot;SINGLE LOOK&quot;, &quot;totalPrice&quot;: &quot;524.96&quot;}
Received: undefined
    at Object.&lt;anonymous&gt; (C:\Users\wellington\codenation\nodejs-12\test\index.test.js:74:16)
    at Object.asyncJestTest (C:\Users\wellington\codenation\nodejs-12\node_modules\jest-jasmine2\build\jasmineAsyncInstall.js:106:37)
    at C:\Users\wellington\codenation\nodejs-12\node_modules\jest-jasmine2\build\queueRunner.js:45:12
    at new Promise (&lt;anonymous&gt;)
    at mapper (C:\Users\wellington\codenation\nodejs-12\node_modules\jest-jasmine2\build\queueRunner.js:28:19)
    at C:\Users\wellington\codenation\nodejs-12\node_modules\jest-jasmine2\build\queueRunner.js:75:41
    at runNextTicks (internal/process/task_queues.js:58:5)
    at processTimers (internal/timers.js:494:9)</failure>
    </testcase>
    <testcase classname="Get Shopping Cart Deve retornar um carrinho de compras a partir do array de IDs do exemplo 4" name="Get Shopping Cart Deve retornar um carrinho de compras a partir do array de IDs do exemplo 4" time="0.016">
      <failure>Error: expect(received).toEqual(expected) // deep equality

Expected: {&quot;discount&quot;: &quot;14.21%&quot;, &quot;discountValue&quot;: &quot;130.00&quot;, &quot;products&quot;: [{&quot;category&quot;: &quot;T-SHIRTS&quot;, &quot;name&quot;: &quot;PINK PANTHER™ T-SHIRT&quot;}, {&quot;category&quot;: &quot;T-SHIRTS&quot;, &quot;name&quot;: &quot;RUBBERIZED PRINTED T-SHIRT&quot;}, {&quot;category&quot;: &quot;T-SHIRTS&quot;, &quot;name&quot;: &quot;CONTRAST SLOGAN T-SHIRT&quot;}, {&quot;category&quot;: &quot;PANTS&quot;, &quot;name&quot;: &quot;KNIT JOGGING PANTS&quot;}, {&quot;category&quot;: &quot;SHOES&quot;, &quot;name&quot;: &quot;ASYMMETRICAL LEATHER SLIDE HEELS&quot;}, {&quot;category&quot;: &quot;SHOES&quot;, &quot;name&quot;: &quot;SLINGBACK KITTEN HEEL SHOES WITH METAL DETAIL&quot;}], &quot;promotion&quot;: &quot;TRIPLE LOOK&quot;, &quot;totalPrice&quot;: &quot;784.94&quot;}
Received: undefined
    at Object.&lt;anonymous&gt; (C:\Users\wellington\codenation\nodejs-12\test\index.test.js:80:16)
    at Object.asyncJestTest (C:\Users\wellington\codenation\nodejs-12\node_modules\jest-jasmine2\build\jasmineAsyncInstall.js:106:37)
    at C:\Users\wellington\codenation\nodejs-12\node_modules\jest-jasmine2\build\queueRunner.js:45:12
    at new Promise (&lt;anonymous&gt;)
    at mapper (C:\Users\wellington\codenation\nodejs-12\node_modules\jest-jasmine2\build\queueRunner.js:28:19)
    at C:\Users\wellington\codenation\nodejs-12\node_modules\jest-jasmine2\build\queueRunner.js:75:41
    at runNextTicks (internal/process/task_queues.js:58:5)
    at processTimers (internal/timers.js:494:9)</failure>
    </testcase>
  </testsuite>
</testsuites>